<?xml version="1.0" encoding="UTF-8" ?>
<testsuite errors="0" failures="0" hostname="james-r-gambers-macbook-pro.local" name="bbd.BBDDefaultBrokerTest" tests="9" time="5.067" timestamp="2009-07-04T14:43:39">
  <properties>
    <property name="java.runtime.name" value="Java(TM) SE Runtime Environment" />
    <property name="sun.boot.library.path" value="/System/Library/Frameworks/JavaVM.framework/Versions/1.6.0/Libraries" />
    <property name="java.vm.version" value="11.3-b02-82" />
    <property name="awt.nativeDoubleBuffering" value="true" />
    <property name="gopherProxySet" value="false" />
    <property name="java.vm.vendor" value="Apple Inc." />
    <property name="java.vendor.url" value="http://www.apple.com/" />
    <property name="path.separator" value=":" />
    <property name="java.vm.name" value="Java HotSpot(TM) 64-Bit Server VM" />
    <property name="file.encoding.pkg" value="sun.io" />
    <property name="user.country" value="US" />
    <property name="sun.java.launcher" value="SUN_STANDARD" />
    <property name="sun.os.patch.level" value="unknown" />
    <property name="java.vm.specification.name" value="Java Virtual Machine Specification" />
    <property name="user.dir" value="/Users/jamesgamber/Documents/flys/BBD" />
    <property name="java.runtime.version" value="1.6.0_13-b03-206" />
    <property name="java.awt.graphicsenv" value="apple.awt.CGraphicsEnvironment" />
    <property name="java.endorsed.dirs" value="/System/Library/Frameworks/JavaVM.framework/Versions/1.6.0/Home/lib/endorsed" />
    <property name="os.arch" value="x86_64" />
    <property name="java.io.tmpdir" value="/var/folders/4D/4DVHHd8zFZuY-hhQKBY9vU+++TM/-Tmp-/" />
    <property name="line.separator" value="
" />
    <property name="java.vm.specification.vendor" value="Sun Microsystems Inc." />
    <property name="os.name" value="Mac OS X" />
    <property name="sun.jnu.encoding" value="MacRoman" />
    <property name="java.library.path" value=".:/Library/Java/Extensions:/System/Library/Java/Extensions:/usr/lib/java" />
    <property name="java.specification.name" value="Java Platform API Specification" />
    <property name="java.class.version" value="50.0" />
    <property name="sun.management.compiler" value="HotSpot 64-Bit Server Compiler" />
    <property name="os.version" value="10.5.7" />
    <property name="http.nonProxyHosts" value="local|*.local|169.254/16|*.169.254/16" />
    <property name="user.home" value="/Users/jamesgamber" />
    <property name="user.timezone" value="" />
    <property name="java.awt.printerjob" value="apple.awt.CPrinterJob" />
    <property name="file.encoding" value="MacRoman" />
    <property name="java.specification.version" value="1.6" />
    <property name="user.name" value="jamesgamber" />
    <property name="java.class.path" value="/Applications/NetBeans/NetBeans 6.7.app/Contents/Resources/NetBeans/java2/ant/patches/72080.jar:/Applications/NetBeans/NetBeans 6.7.app/Contents/Resources/NetBeans/java2/ant/patches/ant-42275.jar:/Applications/NetBeans/NetBeans 6.7.app/Contents/Resources/NetBeans/java2/ant/lib/ant.jar:/Applications/NetBeans/NetBeans 6.7.app/Contents/Resources/NetBeans/java2/ant/lib/ant-junit.jar:/Applications/NetBeans/NetBeans 6.7.app/Contents/Resources/NetBeans/platform10/modules/ext/junit-4.5.jar:/Users/jamesgamber/Documents/flys/BBD/lib/mysql-connector-java-5.1.7-bin.jar:/Users/jamesgamber/Documents/flys/BBD/build/classes:/Users/jamesgamber/Documents/flys/BBD/src:/Users/jamesgamber/Documents/flys/BBD/build/test/classes:/Users/jamesgamber/Documents/flys/BBD/test" />
    <property name="java.vm.specification.version" value="1.0" />
    <property name="sun.arch.data.model" value="64" />
    <property name="java.home" value="/System/Library/Frameworks/JavaVM.framework/Versions/1.6.0/Home" />
    <property name="java.specification.vendor" value="Sun Microsystems Inc." />
    <property name="user.language" value="en" />
    <property name="awt.toolkit" value="apple.awt.CToolkit" />
    <property name="java.vm.info" value="mixed mode" />
    <property name="java.version" value="1.6.0_13" />
    <property name="java.ext.dirs" value="/Library/Java/Extensions:/System/Library/Java/Extensions:/System/Library/Frameworks/JavaVM.framework/Versions/1.6.0/Home/lib/ext" />
    <property name="sun.boot.class.path" value="/System/Library/Frameworks/JavaVM.framework/Versions/1.6.0/Classes/classes.jar:/System/Library/Frameworks/JavaVM.framework/Frameworks/JavaRuntimeSupport.framework/Resources/Java/JavaRuntimeSupport.jar:/System/Library/Frameworks/JavaVM.framework/Versions/1.6.0/Classes/ui.jar:/System/Library/Frameworks/JavaVM.framework/Versions/1.6.0/Classes/laf.jar:/System/Library/Frameworks/JavaVM.framework/Versions/1.6.0/Classes/sunrsasign.jar:/System/Library/Frameworks/JavaVM.framework/Versions/1.6.0/Classes/jsse.jar:/System/Library/Frameworks/JavaVM.framework/Versions/1.6.0/Classes/jce.jar:/System/Library/Frameworks/JavaVM.framework/Versions/1.6.0/Classes/charsets.jar" />
    <property name="java.vendor" value="Apple Inc." />
    <property name="file.separator" value="/" />
    <property name="java.vendor.url.bug" value="http://bugreport.apple.com/" />
    <property name="sun.cpu.endian" value="little" />
    <property name="sun.io.unicode.encoding" value="UnicodeLittle" />
    <property name="mrj.version" value="1050.1.6.0_13-206" />
    <property name="socksNonProxyHosts" value="local|*.local|169.254/16|*.169.254/16" />
    <property name="ftp.nonProxyHosts" value="local|*.local|169.254/16|*.169.254/16" />
    <property name="sun.cpu.isalist" value="" />
  </properties>
  <testcase classname="bbd.BBDDefaultBrokerTest" name="testSelect" time="0.364" />
  <testcase classname="bbd.BBDDefaultBrokerTest" name="testInsert_1args_1" time="0.0040" />
  <testcase classname="bbd.BBDDefaultBrokerTest" name="testInsert_1args_2" time="4.559" />
  <testcase classname="bbd.BBDDefaultBrokerTest" name="testInsertGetGeneratedKeys_1args_1" time="0.0060" />
  <testcase classname="bbd.BBDDefaultBrokerTest" name="testInsertGetGeneratedKeys_1args_2" time="0.0050" />
  <testcase classname="bbd.BBDDefaultBrokerTest" name="testUpdate_1args_1" time="0.033" />
  <testcase classname="bbd.BBDDefaultBrokerTest" name="testUpdate_1args_2" time="0.0070" />
  <testcase classname="bbd.BBDDefaultBrokerTest" name="testDelete_1args_1" time="0.0080" />
  <testcase classname="bbd.BBDDefaultBrokerTest" name="testDelete_1args_2" time="0.0040" />
  <system-out><![CDATA[select
insert
insert
insertGetGeneratedKeys
insertGetGeneratedKeys
update
update
delete
delete
]]></system-out>
  <system-err><![CDATA[]]></system-err>
</testsuite>
